0 info it worked if it ends with ok
1 verbose cli [ 'node', '/usr/local/bin/npm', 'i', 'csur-f', '--save' ]
2 info using npm@1.4.28
3 info using node@v0.10.33
4 warn package.json auth@1.0.0 No description
5 warn package.json auth@1.0.0 No repository field.
6 warn package.json auth@1.0.0 No README data
7 verbose readDependencies using package.json deps
8 verbose cache add [ 'csur-f', null ]
9 verbose cache add name=undefined spec="csur-f" args=["csur-f",null]
10 verbose parsed url { protocol: null,
10 verbose parsed url   slashes: null,
10 verbose parsed url   auth: null,
10 verbose parsed url   host: null,
10 verbose parsed url   port: null,
10 verbose parsed url   hostname: null,
10 verbose parsed url   hash: null,
10 verbose parsed url   search: null,
10 verbose parsed url   query: null,
10 verbose parsed url   pathname: 'csur-f',
10 verbose parsed url   path: 'csur-f',
10 verbose parsed url   href: 'csur-f' }
11 silly lockFile f02e0517-csur-f csur-f
12 verbose lock csur-f /Users/terryshek/.npm/f02e0517-csur-f.lock
13 silly lockFile f02e0517-csur-f csur-f
14 silly lockFile f02e0517-csur-f csur-f
15 verbose addNamed [ 'csur-f', '' ]
16 verbose addNamed [ null, '*' ]
17 silly lockFile 66eb6401-csur-f csur-f@
18 verbose lock csur-f@ /Users/terryshek/.npm/66eb6401-csur-f.lock
19 silly addNameRange { name: 'csur-f', range: '*', hasData: false }
20 verbose request where is /csur-f
21 verbose request registry https://registry.npmjs.org/
22 verbose request id fa0fc639c765b0d3
23 verbose url raw /csur-f
24 verbose url resolving [ 'https://registry.npmjs.org/', './csur-f' ]
25 verbose url resolved https://registry.npmjs.org/csur-f
26 verbose request where is https://registry.npmjs.org/csur-f
27 info trying registry request attempt 1 at 12:17:24
28 http GET https://registry.npmjs.org/csur-f
29 http 404 https://registry.npmjs.org/csur-f
30 verbose headers { date: 'Thu, 11 Dec 2014 04:17:25 GMT',
30 verbose headers   server: 'CouchDB/1.5.0 (Erlang OTP/R14B04)',
30 verbose headers   'content-type': 'application/json',
30 verbose headers   'cache-control': 'max-age=0',
30 verbose headers   'content-length': '52',
30 verbose headers   'accept-ranges': 'bytes',
30 verbose headers   via: '1.1 varnish',
30 verbose headers   age: '0',
30 verbose headers   'x-served-by': 'cache-hk93-HKG',
30 verbose headers   'x-cache': 'MISS',
30 verbose headers   'x-cache-hits': '0',
30 verbose headers   'x-timer': 'S1418271444.838302,VS0,VE253',
30 verbose headers   'keep-alive': 'timeout=10, max=50',
30 verbose headers   connection: 'Keep-Alive' }
31 silly registry.get cb [ 404,
31 silly registry.get   { date: 'Thu, 11 Dec 2014 04:17:25 GMT',
31 silly registry.get     server: 'CouchDB/1.5.0 (Erlang OTP/R14B04)',
31 silly registry.get     'content-type': 'application/json',
31 silly registry.get     'cache-control': 'max-age=0',
31 silly registry.get     'content-length': '52',
31 silly registry.get     'accept-ranges': 'bytes',
31 silly registry.get     via: '1.1 varnish',
31 silly registry.get     age: '0',
31 silly registry.get     'x-served-by': 'cache-hk93-HKG',
31 silly registry.get     'x-cache': 'MISS',
31 silly registry.get     'x-cache-hits': '0',
31 silly registry.get     'x-timer': 'S1418271444.838302,VS0,VE253',
31 silly registry.get     'keep-alive': 'timeout=10, max=50',
31 silly registry.get     connection: 'Keep-Alive' } ]
32 silly lockFile 66eb6401-csur-f csur-f@
33 silly lockFile 66eb6401-csur-f csur-f@
34 error 404 404 Not Found: csur-f
34 error 404
34 error 404 'csur-f' is not in the npm registry.
34 error 404 You should bug the author to publish it
34 error 404 It was specified as a dependency of 'auth'
34 error 404
34 error 404 Note that you can also install from a
34 error 404 tarball, folder, or http url, or git url.
35 error System Darwin 14.0.0
36 error command "node" "/usr/local/bin/npm" "i" "csur-f" "--save"
37 error cwd /Users/terryshek/Desktop/auth
38 error node -v v0.10.33
39 error npm -v 1.4.28
40 error code E404
41 verbose exit [ 1, true ]
